<?xml version="1.0" encoding="UTF-8"?>
<!-- Generated by org.testng.reporters.JUnitXMLReporter -->
<testsuite ignored="0" hostname="AkankshaS-PC" failures="1" tests="2" name="Test" time="173.115" errors="0" timestamp="2025-01-29T16:53:40 IST">
  <testcase classname="com.qa.testcases.ProductPageTest" name="verifyproductPageScrollingtoElement" time="58.05"/>
  <testcase classname="com.qa.testcases.ProductPageTest" name="verifyproductPageSearchtoElement" time="26.872">
    <failure type="java.lang.AssertionError" message="Search Field is present expected [true] but found [false]">
      <![CDATA[java.lang.AssertionError: Search Field is present expected [true] but found [false]
at com.assertions.mobileAssertion.assertTrue(mobileAssertion.java:29)
at com.pageObjects.ProductCataloguePage.assertSearchField(ProductCataloguePage.java:236)
at com.qa.testcases.ProductPageTest.verifyproductPageSearchtoElement(ProductPageTest.java:37)
at java.base/java.util.ArrayList.forEach(ArrayList.java:1511)
... Removed 28 stack frames]]>
    </failure>
  </testcase> <!-- verifyproductPageSearchtoElement -->
</testsuite> <!-- Test -->
