<?xml version="1.0" encoding="UTF-8"?>
<!-- Generated by org.testng.reporters.JUnitXMLReporter -->
<testsuite ignored="0" hostname="AkankshaS-PC" failures="0" tests="1" name="Test" time="0.226" errors="0" timestamp="2024-12-24T18:25:12 IST">
  <testcase classname="com.qa.base.BaseClass" name="@BeforeClass ConfigureAppium" time="0.177">
    <failure type="java.lang.NullPointerException" message="Cannot invoke &amp;quot;java.util.Properties.getProperty(String)&amp;quot; because &amp;quot;com.qa.base.BaseClass.CONFIG&amp;quot; is null">
      <![CDATA[java.lang.NullPointerException: Cannot invoke "java.util.Properties.getProperty(String)" because "com.qa.base.BaseClass.CONFIG" is null
at com.qa.base.BaseClass.ConfigureAppium(BaseClass.java:53)
at java.base/java.util.ArrayList.forEach(ArrayList.java:1511)
... Removed 23 stack frames]]>
    </failure>
  </testcase> <!-- @BeforeClass ConfigureAppium -->
  <testcase classname="com.qa.base.BaseClass" name="@AfterClass tearDown" time="-1.735044912006E9">
    <skipped/>
  </testcase> <!-- @AfterClass tearDown -->
  <testcase classname="com.qa.testcases.LoginPageTest" name="Loginform" time="0.0">
    <skipped/>
  </testcase> <!-- Loginform -->
</testsuite> <!-- Test -->
